<?xml version="1.0" encoding="UTF-8"?>
<testng-results ignored="0" total="2" passed="2" failed="0" skipped="0">
  <reporter-output>
  </reporter-output>
  <suite started-at="2022-04-05T21:50:25 IST" name="Suite" finished-at="2022-04-05T21:53:36 IST" duration-ms="191409">
    <groups>
    </groups>
    <test started-at="2022-04-05T21:50:25 IST" name="Test_chrome" finished-at="2022-04-05T21:51:57 IST" duration-ms="92069">
      <class name="com.Test.Test001">
        <test-method is-config="true" signature="OpenBrowser(java.lang.String)[pri:0, instance:com.Test.Test001@6d167f58]" started-at="2022-04-05T21:50:25 IST" name="OpenBrowser" finished-at="2022-04-05T21:51:26 IST" duration-ms="61209" status="PASS">
          <params>
            <param index="0">
              <value>
                <![CDATA[chrome]]>
              </value>
            </param>
          </params>
          <reporter-output>
          </reporter-output>
        </test-method> <!-- OpenBrowser -->
        <test-method signature="verify_001()[pri:0, instance:com.Test.Test001@6d167f58]" started-at="2022-04-05T21:51:26 IST" name="verify_001" finished-at="2022-04-05T21:51:31 IST" duration-ms="5666" status="PASS">
          <reporter-output>
          </reporter-output>
        </test-method> <!-- verify_001 -->
        <test-method is-config="true" signature="teardown()[pri:0, instance:com.Test.Test001@6d167f58]" started-at="2022-04-05T21:51:43 IST" name="teardown" finished-at="2022-04-05T21:51:57 IST" duration-ms="13185" status="PASS">
          <reporter-output>
          </reporter-output>
        </test-method> <!-- teardown -->
      </class> <!-- com.Test.Test001 -->
    </test> <!-- Test_chrome -->
    <test started-at="2022-04-05T21:51:59 IST" name="Test_edge" finished-at="2022-04-05T21:53:36 IST" duration-ms="97325">
      <class name="com.Test.Test001">
        <test-method is-config="true" signature="bs()[pri:0, instance:com.Test.Test001@74589991]" started-at="2022-04-05T21:50:19 IST" name="bs" finished-at="2022-04-05T21:50:25 IST" duration-ms="5497" status="PASS">
          <reporter-output>
          </reporter-output>
        </test-method> <!-- bs -->
        <test-method is-config="true" signature="OpenBrowser(java.lang.String)[pri:0, instance:com.Test.Test001@74589991]" started-at="2022-04-05T21:51:59 IST" name="OpenBrowser" finished-at="2022-04-05T21:53:24 IST" duration-ms="85407" status="PASS">
          <params>
            <param index="0">
              <value>
                <![CDATA[edge]]>
              </value>
            </param>
          </params>
          <reporter-output>
          </reporter-output>
        </test-method> <!-- OpenBrowser -->
        <test-method signature="verify_001()[pri:0, instance:com.Test.Test001@74589991]" started-at="2022-04-05T21:53:24 IST" name="verify_001" finished-at="2022-04-05T21:53:30 IST" duration-ms="5447" status="PASS">
          <reporter-output>
          </reporter-output>
        </test-method> <!-- verify_001 -->
        <test-method is-config="true" signature="teardown()[pri:0, instance:com.Test.Test001@74589991]" started-at="2022-04-05T21:53:35 IST" name="teardown" finished-at="2022-04-05T21:53:36 IST" duration-ms="1076" status="PASS">
          <reporter-output>
          </reporter-output>
        </test-method> <!-- teardown -->
      </class> <!-- com.Test.Test001 -->
    </test> <!-- Test_edge -->
  </suite> <!-- Suite -->
</testng-results>
